#
# A fatal error has been detected by the Java Runtime Environment:
#
#  SIGSEGV (0xb) at pc=0x00007fcee2fe7f74, pid=5199, tid=140525509797632
#
# JRE version: Java(TM) SE Runtime Environment (7.0_51-b13) (build 1.7.0_51-b13)
# Java VM: Java HotSpot(TM) 64-Bit Server VM (24.51-b03 mixed mode linux-amd64 compressed oops)
# Problematic frame:
# C  [libpthread.so.0+0x9f74]  pthread_mutex_lock+0x4
#
# Failed to write core dump. Core dumps have been disabled. To enable core dumping, try "ulimit -c unlimited" before starting Java again
#
# If you would like to submit a bug report, please visit:
#   http://bugreport.sun.com/bugreport/crash.jsp
# The crash happened outside the Java Virtual Machine in native code.
# See problematic frame for where to report the bug.
#

---------------  T H R E A D  ---------------

Current thread (0x00007fce8c004800):  JavaThread "pool-1-thread-1" [_thread_in_native, id=5261, stack(0x00007fcea507e000,0x00007fcea517f000)]

siginfo:si_signo=SIGSEGV: si_errno=0, si_code=1 (SEGV_MAPERR), si_addr=0x0000000000000019

Registers:
RAX=0x00007fce900336c0, RBX=0x0000000000000009, RCX=0x00007fce8c2d2280, RDX=0x00007fce900645b8
RSP=0x00007fcea517d520, RBP=0x0000000000000000, RSI=0x00007fcea517d560, RDI=0x0000000000000009
R8 =0x00007fcee27cca60, R9 =0x000000000000148d, R10=0x0000000000000000, R11=0x00007fced4a4c131
R12=0x0000000000000000, R13=0x00007fcea517d590, R14=0x00007fcea517d560, R15=0x00007fce8c004800
RIP=0x00007fcee2fe7f74, EFLAGS=0x0000000000010202, CSGSFS=0x0000000000000033, ERR=0x0000000000000004
  TRAPNO=0x000000000000000e

Top of Stack: (sp=0x00007fcea517d520)
0x00007fcea517d520:   0000000000000000 00007fced4a4c13a
0x00007fcea517d530:   00007fce900645b8 00007fced4a3f79f
0x00007fcea517d540:   00007fcea517d5a0 00000000c6e63248
0x00007fcea517d550:   00007fcea517d5a0 00007fced90a0892
0x00007fcea517d560:   00000000c6e63248 00000000f01de148
0x00007fcea517d570:   0000000000000092 00007fced90dc82a
0x00007fcea517d580:   f01dddb0c6ea24f0 00000000f01de480
0x00007fcea517d590:   0000000000000003 00007fced90e1623
0x00007fcea517d5a0:   00000000c6cc5c18 00007fced910d598
0x00007fcea517d5b0:   00000000c6ed9a00 00000000c6ed9a30
0x00007fcea517d5c0:   00000000c6ed9a90 00000000f01dceb8
0x00007fcea517d5d0:   0000000000000001 00007fced910fcec
0x00007fcea517d5e0:   00000000f01dddb0 00000000c6ea24f0
0x00007fcea517d5f0:   00000000f01ddfb0 00000000f01de3d0
0x00007fcea517d600:   0000000000000003 00000000c6ea24f0
0x00007fcea517d610:   0000000000000003 00007fced905efc5
0x00007fcea517d620:   00000000c6cc5c18 00007fced912e060
0x00007fcea517d630:   00000000c691e5d0 00000000c6ce18d8
0x00007fcea517d640:   000000000000afc3 00000000c6ce18d8
0x00007fcea517d650:   00000000c6ed9a00 00000000c6ed9a30
0x00007fcea517d660:   00000000c691e5e0 00000000c6cc5c28
0x00007fcea517d670:   c6d10a780000afc4 00000000f01de9c8
0x00007fcea517d680:   00000000c6ed9a00 0000000000000010
0x00007fcea517d690:   00000000f01ddd48 00000000f01ddd60
0x00007fcea517d6a0:   00007fcea517d738 0000000000000000
0x00007fcea517d6b0:   00000000ef414d30 00000000f035eca8
0x00007fcea517d6c0:   0000000000001000 00000000f035e090
0x00007fcea517d6d0:   00007fcea517d738 00007fced9006233
0x00007fcea517d6e0:   00000000c6ce18d8 00000000c6ce18d8
0x00007fcea517d6f0:   00000000c6ae3310 00007fcea517d6f8
0x00007fcea517d700:   00000000c203497a 00007fcea517d748
0x00007fcea517d710:   00000000c2035300 0000000000000000 

Instructions: (pc=0x00007fcee2fe7f74)
0x00007fcee2fe7f54:   0f 1f 40 00 c7 47 10 ff ff ff ff 31 c0 c3 66 2e
0x00007fcee2fe7f64:   0f 1f 84 00 00 00 00 00 0f 1f 40 00 48 83 ec 08
0x00007fcee2fe7f74:   8b 77 10 49 89 f8 89 f0 89 f2 83 e0 7f 83 e2 7c
0x00007fcee2fe7f84:   75 3d 64 44 8b 0c 25 d0 02 00 00 85 c0 75 56 81 

Register to memory mapping:

RAX=0x00007fce900336c0 is an unknown value
RBX=0x0000000000000009 is an unknown value
RCX=0x00007fce8c2d2280 is an unknown value
RDX=0x00007fce900645b8 is an unknown value
RSP=0x00007fcea517d520 is pointing into the stack for thread: 0x00007fce8c004800
RBP=0x0000000000000000 is an unknown value
RSI=0x00007fcea517d560 is pointing into the stack for thread: 0x00007fce8c004800
RDI=0x0000000000000009 is an unknown value
R8 =0x00007fcee27cca60: <offset 0xe37a60> in /usr/lib/jvm/java-7-oracle/jre/lib/amd64/server/libjvm.so at 0x00007fcee1995000
R9 =0x000000000000148d is an unknown value
R10=0x0000000000000000 is an unknown value
R11=0x00007fced4a4c131: <offset 0x36131> in /tmp/libsqlitejdbc-8863698558546962243.lib at 0x00007fced4a16000
R12=0x0000000000000000 is an unknown value
R13=0x00007fcea517d590 is pointing into the stack for thread: 0x00007fce8c004800
R14=0x00007fcea517d560 is pointing into the stack for thread: 0x00007fce8c004800
R15=0x00007fce8c004800 is a thread


Stack: [0x00007fcea507e000,0x00007fcea517f000],  sp=0x00007fcea517d520,  free space=1021k
Native frames: (J=compiled Java code, j=interpreted, Vv=VM code, C=native code)
C  [libpthread.so.0+0x9f74]  pthread_mutex_lock+0x4

[error occurred during error reporting (printing native stack), id 0xb]

Java frames: (J=compiled Java code, j=interpreted, Vv=VM code)
J  org.sqlite.NativeDB.reset(J)I
J  org.sqlite.Stmt.close()V
J  Dataexchange.ImportJob.executeImport(Ljava/lang/Boolean;)Ljava/lang/Boolean;
j  Dataexchange.ImportJob.run()V+34
j  java.util.concurrent.ThreadPoolExecutor.runWorker(Ljava/util/concurrent/ThreadPoolExecutor$Worker;)V+95
j  java.util.concurrent.ThreadPoolExecutor$Worker.run()V+5
j  java.lang.Thread.run()V+11
v  ~StubRoutines::call_stub

---------------  P R O C E S S  ---------------

Java Threads: ( => current thread )
=>0x00007fce8c004800 JavaThread "pool-1-thread-1" [_thread_in_native, id=5261, stack(0x00007fcea507e000,0x00007fcea517f000)]
  0x00007fce8c01a000 JavaThread "TimerQueue" daemon [_thread_blocked, id=5258, stack(0x00007fcea4cfe000,0x00007fcea4dff000)]
  0x00007fcedc00a800 JavaThread "DestroyJavaVM" [_thread_blocked, id=5200, stack(0x00007fcee32f2000,0x00007fcee33f3000)]
  0x00007fcedc2ef000 JavaThread "AWT-EventQueue-0" [_thread_blocked, id=5221, stack(0x00007fcea517f000,0x00007fcea5280000)]
  0x00007fcedc283800 JavaThread "AWT-Shutdown" [_thread_blocked, id=5220, stack(0x00007fcea5280000,0x00007fcea5381000)]
  0x00007fcedc24b000 JavaThread "AWT-XAWT" daemon [_thread_in_native, id=5219, stack(0x00007fcea5c38000,0x00007fcea5d39000)]
  0x00007fcedc22a800 JavaThread "Java2D Disposer" daemon [_thread_blocked, id=5218, stack(0x00007fced40e7000,0x00007fced41e8000)]
  0x00007fcedc096800 JavaThread "Service Thread" daemon [_thread_blocked, id=5214, stack(0x00007fced4d67000,0x00007fced4e68000)]
  0x00007fcedc094000 JavaThread "C2 CompilerThread1" daemon [_thread_blocked, id=5213, stack(0x00007fced4e68000,0x00007fced4f69000)]
  0x00007fcedc091800 JavaThread "C2 CompilerThread0" daemon [_thread_blocked, id=5212, stack(0x00007fced4f69000,0x00007fced506a000)]
  0x00007fcedc087000 JavaThread "Signal Dispatcher" daemon [_thread_blocked, id=5211, stack(0x00007fced506a000,0x00007fced516b000)]
  0x00007fcedc070000 JavaThread "Finalizer" daemon [_thread_blocked, id=5210, stack(0x00007fced5751000,0x00007fced5852000)]
  0x00007fcedc06c000 JavaThread "Reference Handler" daemon [_thread_blocked, id=5209, stack(0x00007fced5852000,0x00007fced5953000)]

Other Threads:
  0x00007fcedc06a000 VMThread [stack: 0x00007fced5953000,0x00007fced5a54000] [id=5208]
  0x00007fcedc0a1000 WatcherThread [stack: 0x00007fced4c66000,0x00007fced4d67000] [id=5215]

VM state:not at safepoint (normal execution)

VM Mutex/Monitor currently owned by a thread: None

Heap
 PSYoungGen      total 98304K, used 57812K [0x00000000ecb00000, 0x00000000f3d80000, 0x0000000100000000)
  eden space 97792K, 58% used [0x00000000ecb00000,0x00000000f034d168,0x00000000f2a80000)
  from space 512K, 31% used [0x00000000f2e80000,0x00000000f2ea8000,0x00000000f2f00000)
  to   space 9728K, 0% used [0x00000000f3400000,0x00000000f3400000,0x00000000f3d80000)
 ParOldGen       total 39424K, used 13254K [0x00000000c6200000, 0x00000000c8880000, 0x00000000ecb00000)
  object space 39424K, 33% used [0x00000000c6200000,0x00000000c6ef1ac8,0x00000000c8880000)
 PSPermGen       total 21504K, used 16728K [0x00000000c1000000, 0x00000000c2500000, 0x00000000c6200000)
  object space 21504K, 77% used [0x00000000c1000000,0x00000000c2056038,0x00000000c2500000)

Card table byte_map: [0x00007fcee0400000,0x00007fcee05f9000] byte_map_base: 0x00007fcedfdf8000

Polling page: 0x00007fcee341a000

Code Cache  [0x00007fced9000000, 0x00007fced9270000, 0x00007fcedc000000)
 total_blobs=896 nmethods=376 adapters=474 free_code_cache=47780Kb largest_free_block=48890176

Compilation events (10 events):
Event: 26,763 Thread 0x00007fcedc094000  397             java.awt.Component::repaint (16 bytes)
Event: 26,768 Thread 0x00007fcedc094000 nmethod 397 0x00007fced914f110 code [0x00007fced914f2e0, 0x00007fced914f620]
Event: 26,793 Thread 0x00007fcedc091800  398   !         java.awt.EventDispatchThread::pumpOneEventForFilters (295 bytes)
Event: 26,817 Thread 0x00007fcedc091800 nmethod 398 0x00007fced915bcd0 code [0x00007fced915bfa0, 0x00007fced915cc60]
Event: 27,019 Thread 0x00007fcedc094000  399   !         java.awt.EventQueue::postEventPrivate (104 bytes)
Event: 27,028 Thread 0x00007fcedc091800  400             java.awt.EventQueue::postEvent (172 bytes)
Event: 27,047 Thread 0x00007fcedc091800 nmethod 400 0x00007fced91502d0 code [0x00007fced9150500, 0x00007fced9150ed0]
Event: 27,047 Thread 0x00007fcedc091800  401             java.awt.EventQueue::coalesceEvent (86 bytes)
Event: 27,049 Thread 0x00007fcedc091800 nmethod 401 0x00007fced914fdd0 code [0x00007fced914ff60, 0x00007fced91500f0]
Event: 27,052 Thread 0x00007fcedc094000 nmethod 399 0x00007fced9159cd0 code [0x00007fced9159f60, 0x00007fced915ada0]

GC Heap History (10 events):
Event: 8,903 GC heap before
{Heap before GC invocations=7 (full 0):
 PSYoungGen      total 41984K, used 33831K [0x00000000ecb00000, 0x00000000eff00000, 0x0000000100000000)
  eden space 31744K, 100% used [0x00000000ecb00000,0x00000000eea00000,0x00000000eea00000)
  from space 10240K, 20% used [0x00000000ef500000,0x00000000ef709ed0,0x00000000eff00000)
  to   space 10752K, 0% used [0x00000000eea00000,0x00000000eea00000,0x00000000ef480000)
 ParOldGen       total 39424K, used 11111K [0x00000000c6200000, 0x00000000c8880000, 0x00000000ecb00000)
  object space 39424K, 28% used [0x00000000c6200000,0x00000000c6cd9ff8,0x00000000c8880000)
 PSPermGen       total 21504K, used 16663K [0x00000000c1000000, 0x00000000c2500000, 0x00000000c6200000)
  object space 21504K, 77% used [0x00000000c1000000,0x00000000c2045c68,0x00000000c2500000)
Event: 8,911 GC heap after
Heap after GC invocations=7 (full 0):
 PSYoungGen      total 42496K, used 96K [0x00000000ecb00000, 0x00000000f1e00000, 0x0000000100000000)
  eden space 31744K, 0% used [0x00000000ecb00000,0x00000000ecb00000,0x00000000eea00000)
  from space 10752K, 0% used [0x00000000eea00000,0x00000000eea18000,0x00000000ef480000)
  to   space 10752K, 0% used [0x00000000f1380000,0x00000000f1380000,0x00000000f1e00000)
 ParOldGen       total 39424K, used 13134K [0x00000000c6200000, 0x00000000c8880000, 0x00000000ecb00000)
  object space 39424K, 33% used [0x00000000c6200000,0x00000000c6ed3998,0x00000000c8880000)
 PSPermGen       total 21504K, used 16663K [0x00000000c1000000, 0x00000000c2500000, 0x00000000c6200000)
  object space 21504K, 77% used [0x00000000c1000000,0x00000000c2045c68,0x00000000c2500000)
}
Event: 9,190 GC heap before
{Heap before GC invocations=8 (full 0):
 PSYoungGen      total 42496K, used 31840K [0x00000000ecb00000, 0x00000000f1e00000, 0x0000000100000000)
  eden space 31744K, 100% used [0x00000000ecb00000,0x00000000eea00000,0x00000000eea00000)
  from space 10752K, 0% used [0x00000000eea00000,0x00000000eea18000,0x00000000ef480000)
  to   space 10752K, 0% used [0x00000000f1380000,0x00000000f1380000,0x00000000f1e00000)
 ParOldGen       total 39424K, used 13134K [0x00000000c6200000, 0x00000000c8880000, 0x00000000ecb00000)
  object space 39424K, 33% used [0x00000000c6200000,0x00000000c6ed3998,0x00000000c8880000)
 PSPermGen       total 21504K, used 16663K [0x00000000c1000000, 0x00000000c2500000, 0x00000000c6200000)
  object space 21504K, 77% used [0x00000000c1000000,0x00000000c2045df0,0x00000000c2500000)
Event: 9,192 GC heap after
Heap after GC invocations=8 (full 0):
 PSYoungGen      total 74240K, used 96K [0x00000000ecb00000, 0x00000000f1e00000, 0x0000000100000000)
  eden space 63488K, 0% used [0x00000000ecb00000,0x00000000ecb00000,0x00000000f0900000)
  from space 10752K, 0% used [0x00000000f1380000,0x00000000f1398000,0x00000000f1e00000)
  to   space 10752K, 0% used [0x00000000f0900000,0x00000000f0900000,0x00000000f1380000)
 ParOldGen       total 39424K, used 13150K [0x00000000c6200000, 0x00000000c8880000, 0x00000000ecb00000)
  object space 39424K, 33% used [0x00000000c6200000,0x00000000c6ed7998,0x00000000c8880000)
 PSPermGen       total 21504K, used 16663K [0x00000000c1000000, 0x00000000c2500000, 0x00000000c6200000)
  object space 21504K, 77% used [0x00000000c1000000,0x00000000c2045df0,0x00000000c2500000)
}
Event: 9,774 GC heap before
{Heap before GC invocations=9 (full 0):
 PSYoungGen      total 74240K, used 63584K [0x00000000ecb00000, 0x00000000f1e00000, 0x0000000100000000)
  eden space 63488K, 100% used [0x00000000ecb00000,0x00000000f0900000,0x00000000f0900000)
  from space 10752K, 0% used [0x00000000f1380000,0x00000000f1398000,0x00000000f1e00000)
  to   space 10752K, 0% used [0x00000000f0900000,0x00000000f0900000,0x00000000f1380000)
 ParOldGen       total 39424K, used 13150K [0x00000000c6200000, 0x00000000c8880000, 0x00000000ecb00000)
  object space 39424K, 33% used [0x00000000c6200000,0x00000000c6ed7998,0x00000000c8880000)
 PSPermGen       total 21504K, used 16664K [0x00000000c1000000, 0x00000000c2500000, 0x00000000c6200000)
  object space 21504K, 77% used [0x00000000c1000000,0x00000000c2046088,0x00000000c2500000)
Event: 9,776 GC heap after
Heap after GC invocations=9 (full 0):
 PSYoungGen      total 74240K, used 64K [0x00000000ecb00000, 0x00000000f4280000, 0x0000000100000000)
  eden space 63488K, 0% used [0x00000000ecb00000,0x00000000ecb00000,0x00000000f0900000)
  from space 10752K, 0% used [0x00000000f0900000,0x00000000f0910000,0x00000000f1380000)
  to   space 10240K, 0% used [0x00000000f3880000,0x00000000f3880000,0x00000000f4280000)
 ParOldGen       total 39424K, used 13158K [0x00000000c6200000, 0x00000000c8880000, 0x00000000ecb00000)
  object space 39424K, 33% used [0x00000000c6200000,0x00000000c6ed9998,0x00000000c8880000)
 PSPermGen       total 21504K, used 16664K [0x00000000c1000000, 0x00000000c2500000, 0x00000000c6200000)
  object space 21504K, 77% used [0x00000000c1000000,0x00000000c2046088,0x00000000c2500000)
}
Event: 25,509 GC heap before
{Heap before GC invocations=10 (full 0):
 PSYoungGen      total 74240K, used 63552K [0x00000000ecb00000, 0x00000000f4280000, 0x0000000100000000)
  eden space 63488K, 100% used [0x00000000ecb00000,0x00000000f0900000,0x00000000f0900000)
  from space 10752K, 0% used [0x00000000f0900000,0x00000000f0910000,0x00000000f1380000)
  to   space 10240K, 0% used [0x00000000f3880000,0x00000000f3880000,0x00000000f4280000)
 ParOldGen       total 39424K, used 13158K [0x00000000c6200000, 0x00000000c8880000, 0x00000000ecb00000)
  object space 39424K, 33% used [0x00000000c6200000,0x00000000c6ed9998,0x00000000c8880000)
 PSPermGen       total 21504K, used 16711K [0x00000000c1000000, 0x00000000c2500000, 0x00000000c6200000)
  object space 21504K, 77% used [0x00000000c1000000,0x00000000c2051ec0,0x00000000c2500000)
Event: 25,511 GC heap after
Heap after GC invocations=10 (full 0):
 PSYoungGen      total 111104K, used 192K [0x00000000ecb00000, 0x00000000f4180000, 0x0000000100000000)
  eden space 101888K, 0% used [0x00000000ecb00000,0x00000000ecb00000,0x00000000f2e80000)
  from space 9216K, 2% used [0x00000000f3880000,0x00000000f38b0000,0x00000000f4180000)
  to   space 9728K, 0% used [0x00000000f2e80000,0x00000000f2e80000,0x00000000f3800000)
 ParOldGen       total 39424K, used 13158K [0x00000000c6200000, 0x00000000c8880000, 0x00000000ecb00000)
  object space 39424K, 33% used [0x00000000c6200000,0x00000000c6ed9998,0x00000000c8880000)
 PSPermGen       total 21504K, used 16711K [0x00000000c1000000, 0x00000000c2500000, 0x00000000c6200000)
  object space 21504K, 77% used [0x00000000c1000000,0x00000000c2051ec0,0x00000000c2500000)
}
Event: 26,787 GC heap before
{Heap before GC invocations=11 (full 0):
 PSYoungGen      total 111104K, used 102080K [0x00000000ecb00000, 0x00000000f4180000, 0x0000000100000000)
  eden space 101888K, 100% used [0x00000000ecb00000,0x00000000f2e80000,0x00000000f2e80000)
  from space 9216K, 2% used [0x00000000f3880000,0x00000000f38b0000,0x00000000f4180000)
  to   space 9728K, 0% used [0x00000000f2e80000,0x00000000f2e80000,0x00000000f3800000)
 ParOldGen       total 39424K, used 13158K [0x00000000c6200000, 0x00000000c8880000, 0x00000000ecb00000)
  object space 39424K, 33% used [0x00000000c6200000,0x00000000c6ed9998,0x00000000c8880000)
 PSPermGen       total 21504K, used 16717K [0x00000000c1000000, 0x00000000c2500000, 0x00000000c6200000)
  object space 21504K, 77% used [0x00000000c1000000,0x00000000c20536d0,0x00000000c2500000)
Event: 26,790 GC heap after
Heap after GC invocations=11 (full 0):
 PSYoungGen      total 98304K, used 160K [0x00000000ecb00000, 0x00000000f3d80000, 0x0000000100000000)
  eden space 97792K, 0% used [0x00000000ecb00000,0x00000000ecb00000,0x00000000f2a80000)
  from space 512K, 31% used [0x00000000f2e80000,0x00000000f2ea8000,0x00000000f2f00000)
  to   space 9728K, 0% used [0x00000000f3400000,0x00000000f3400000,0x00000000f3d80000)
 ParOldGen       total 39424K, used 13254K [0x00000000c6200000, 0x00000000c8880000, 0x00000000ecb00000)
  object space 39424K, 33% used [0x00000000c6200000,0x00000000c6ef1ac8,0x00000000c8880000)
 PSPermGen       total 21504K, used 16717K [0x00000000c1000000, 0x00000000c2500000, 0x00000000c6200000)
  object space 21504K, 77% used [0x00000000c1000000,0x00000000c20536d0,0x00000000c2500000)
}

Deoptimization events (10 events):
Event: 26,340 Thread 0x00007fcedc2ef000 Uncommon trap: reason=class_check action=maybe_recompile pc=0x00007fced9144580 method=java.awt.EventQueue.dispatchEventImpl(Ljava/awt/AWTEvent;Ljava/lang/Object;)V @ 6
Event: 26,351 Thread 0x00007fcedc2ef000 Uncommon trap: reason=unreached action=reinterpret pc=0x00007fced9125650 method=java.awt.EventQueue.coalesceEvent(Ljava/awt/AWTEvent;I)Z @ 7
Event: 26,351 Thread 0x00007fcedc2ef000 Uncommon trap: reason=class_check action=maybe_recompile pc=0x00007fced9144580 method=java.awt.EventQueue.dispatchEventImpl(Ljava/awt/AWTEvent;Ljava/lang/Object;)V @ 6
Event: 26,362 Thread 0x00007fcedc2ef000 Uncommon trap: reason=class_check action=maybe_recompile pc=0x00007fced9144580 method=java.awt.EventQueue.dispatchEventImpl(Ljava/awt/AWTEvent;Ljava/lang/Object;)V @ 6
Event: 26,373 Thread 0x00007fcedc2ef000 Uncommon trap: reason=unreached action=reinterpret pc=0x00007fced913dd20 method=java.util.concurrent.locks.AbstractQueuedSynchronizer.isOnSyncQueue(Ljava/util/concurrent/locks/AbstractQueuedSynchronizer$Node;)Z @ 22
Event: 26,374 Thread 0x00007fcedc2ef000 Uncommon trap: reason=class_check action=maybe_recompile pc=0x00007fced91435c0 method=java.awt.EventQueue.dispatchEventImpl(Ljava/awt/AWTEvent;Ljava/lang/Object;)V @ 6
Event: 26,385 Thread 0x00007fcedc2ef000 Uncommon trap: reason=class_check action=maybe_recompile pc=0x00007fced91455d4 method=java.awt.EventQueue.dispatchEventImpl(Ljava/awt/AWTEvent;Ljava/lang/Object;)V @ 6
Event: 26,396 Thread 0x00007fcedc2ef000 Uncommon trap: reason=class_check action=maybe_recompile pc=0x00007fced91331c4 method=java.awt.EventQueue.dispatchEventImpl(Ljava/awt/AWTEvent;Ljava/lang/Object;)V @ 6
Event: 26,498 Thread 0x00007fcedc2ef000 Uncommon trap: reason=class_check action=maybe_recompile pc=0x00007fced90ffda4 method=java.awt.Component.repaint()V @ 12
Event: 27,465 Thread 0x00007fcedc2ef000 Uncommon trap: reason=class_check action=maybe_recompile pc=0x00007fced915ab6c method=java.awt.EventQueue.coalesceEvent(Ljava/awt/AWTEvent;I)Z @ 69

Internal exceptions (10 events):
Event: 0,685 Thread 0x00007fcedc00a800 Threw 0x00000000ed2712b8 at /HUDSON/workspace/7u-2-build-linux-amd64@2/jdk7u51/527/hotspot/src/share/vm/prims/jvm.cpp:1244
Event: 0,972 Thread 0x00007fcedc00a800 Threw 0x00000000ed4495d8 at /HUDSON/workspace/7u-2-build-linux-amd64@2/jdk7u51/527/hotspot/src/share/vm/prims/jvm.cpp:1244
Event: 1,246 Thread 0x00007fcedc00a800 Implicit null exception at 0x00007fced90a8554 to 0x00007fced90a88dd
Event: 1,501 Thread 0x00007fcedc2ef000 Threw 0x00000000ed8aeda8 at /HUDSON/workspace/7u-2-build-linux-amd64@2/jdk7u51/527/hotspot/src/share/vm/prims/jni.cpp:743
Event: 3,782 Thread 0x00007fcedc2ef000 Threw 0x00000000ed9c9ea8 at /HUDSON/workspace/7u-2-build-linux-amd64@2/jdk7u51/527/hotspot/src/share/vm/prims/jvm.cpp:1244
Event: 3,785 Thread 0x00007fcedc2ef000 Threw 0x00000000ed9cf208 at /HUDSON/workspace/7u-2-build-linux-amd64@2/jdk7u51/527/hotspot/src/share/vm/prims/jvm.cpp:1244
Event: 3,847 Thread 0x00007fcedc070000 Threw 0x00000000ecba7a08 at /HUDSON/workspace/7u-2-build-linux-amd64@2/jdk7u51/527/hotspot/src/share/vm/interpreter/linkResolver.cpp:883
Event: 3,857 Thread 0x00007fcedc2ef000 Threw 0x00000000ecb0da30 at /HUDSON/workspace/7u-2-build-linux-amd64@2/jdk7u51/527/hotspot/src/share/vm/prims/jvm.cpp:1244
Event: 4,075 Thread 0x00007fcedc2ef000 Threw 0x00000000ece36920 at /HUDSON/workspace/7u-2-build-linux-amd64@2/jdk7u51/527/hotspot/src/share/vm/prims/jni.cpp:743
Event: 7,459 Thread 0x00007fcedc2ef000 Threw 0x00000000ed072570 at /HUDSON/workspace/7u-2-build-linux-amd64@2/jdk7u51/527/hotspot/src/share/vm/prims/jvm.cpp:1244

Events (10 events):
Event: 26,396 Thread 0x00007fcedc2ef000 DEOPT PACKING pc=0x00007fced91331c4 sp=0x00007fcea527cef0
Event: 26,396 Thread 0x00007fcedc2ef000 DEOPT UNPACKING pc=0x00007fced9039045 sp=0x00007fcea527cec8 mode 2
Event: 26,498 Thread 0x00007fcedc2ef000 Uncommon trap: trap_request=0xffffffde fr.pc=0x00007fced90ffda4
Event: 26,498 Thread 0x00007fcedc2ef000 DEOPT PACKING pc=0x00007fced90ffda4 sp=0x00007fcea527c610
Event: 26,498 Thread 0x00007fcedc2ef000 DEOPT UNPACKING pc=0x00007fced9039045 sp=0x00007fcea527c5c8 mode 2
Event: 26,787 Executing VM operation: ParallelGCFailedAllocation
Event: 26,790 Executing VM operation: ParallelGCFailedAllocation done
Event: 27,465 Thread 0x00007fcedc2ef000 Uncommon trap: trap_request=0xffffffde fr.pc=0x00007fced915ab6c
Event: 27,465 Thread 0x00007fcedc2ef000 DEOPT PACKING pc=0x00007fced915ab6c sp=0x00007fcea527e6a0
Event: 27,465 Thread 0x00007fcedc2ef000 DEOPT UNPACKING pc=0x00007fced9039045 sp=0x00007fcea527e598 mode 2


Dynamic libraries:
00400000-00401000 r-xp 00000000 08:01 4593368                            /usr/lib/jvm/java-7-oracle/bin/java
00600000-00601000 rw-p 00000000 08:01 4593368                            /usr/lib/jvm/java-7-oracle/bin/java
0231c000-0233d000 rw-p 00000000 00:00 0                                  [heap]
c1000000-c2500000 rw-p 00000000 00:00 0 
c2500000-c6200000 rw-p 00000000 00:00 0 
c6200000-c8880000 rw-p 00000000 00:00 0 
c8880000-ecb00000 rw-p 00000000 00:00 0 
ecb00000-f3d80000 rw-p 00000000 00:00 0 
f3d80000-f4280000 ---p 00000000 00:00 0 
f4280000-100000000 rw-p 00000000 00:00 0 
7fce7c000000-7fce7c021000 rw-p 00000000 00:00 0 
7fce7c021000-7fce80000000 ---p 00000000 00:00 0 
7fce84000000-7fce84021000 rw-p 00000000 00:00 0 
7fce84021000-7fce88000000 ---p 00000000 00:00 0 
7fce88000000-7fce88021000 rw-p 00000000 00:00 0 
7fce88021000-7fce8c000000 ---p 00000000 00:00 0 
7fce8c000000-7fce8c30d000 rw-p 00000000 00:00 0 
7fce8c30d000-7fce90000000 ---p 00000000 00:00 0 
7fce90000000-7fce90113000 rw-p 00000000 00:00 0 
7fce90113000-7fce94000000 ---p 00000000 00:00 0 
7fce94000000-7fce94021000 rw-p 00000000 00:00 0 
7fce94021000-7fce98000000 ---p 00000000 00:00 0 
7fce98000000-7fce98021000 rw-p 00000000 00:00 0 
7fce98021000-7fce9c000000 ---p 00000000 00:00 0 
7fce9c000000-7fce9c021000 rw-p 00000000 00:00 0 
7fce9c021000-7fcea0000000 ---p 00000000 00:00 0 
7fcea0000000-7fcea0021000 rw-p 00000000 00:00 0 
7fcea0021000-7fcea4000000 ---p 00000000 00:00 0 
7fcea45d5000-7fcea45d8000 ---p 00000000 00:00 0 
7fcea45d8000-7fcea46d6000 rw-p 00000000 00:00 0 
7fcea46d6000-7fcea46d9000 ---p 00000000 00:00 0 
7fcea46d9000-7fcea47d7000 rw-p 00000000 00:00 0 
7fcea47d7000-7fcea4a08000 rw-s 00000000 00:04 3866636                    /SYSV00000000 (deleted)
7fcea4a08000-7fcea4a32000 r-xp 00000000 08:01 3937159                    /usr/lib/jvm/java-7-oracle/jre/lib/amd64/libdcpr.so
7fcea4a32000-7fcea4c32000 ---p 0002a000 08:01 3937159                    /usr/lib/jvm/java-7-oracle/jre/lib/amd64/libdcpr.so
7fcea4c32000-7fcea4c35000 rw-p 0002a000 08:01 3937159                    /usr/lib/jvm/java-7-oracle/jre/lib/amd64/libdcpr.so
7fcea4c35000-7fcea4c36000 r--s 00000000 08:01 5770308                    /var/cache/fontconfig/c05880de57d1f5e948fdfacc138775d9-le64.cache-4
7fcea4c36000-7fcea4c41000 r--s 00000000 08:01 5770306                    /var/cache/fontconfig/945677eb7aeaf62f1d50efc3fb3ec7d8-le64.cache-4
7fcea4c41000-7fcea4c46000 r--s 00000000 08:01 5770262                    /var/cache/fontconfig/99e8ed0e538f840c565b6ed5dad60d56-le64.cache-4
7fcea4c46000-7fcea4c4f000 r--s 00000000 08:01 5770256                    /var/cache/fontconfig/a6d8cf8e4ec09cdbc8633c31745a07dd-le64.cache-4
7fcea4c4f000-7fcea4c55000 r--s 00000000 08:01 5771199                    /var/cache/fontconfig/2cd17615ca594fa2959ae173292e504c-le64.cache-4
7fcea4c55000-7fcea4c56000 r--s 00000000 08:01 5770161                    /var/cache/fontconfig/e7071f4a29fa870f4323321c154eba04-le64.cache-4
7fcea4c56000-7fcea4c5d000 r--s 00000000 08:01 5770022                    /var/cache/fontconfig/a755afe4a08bf5b97852ceb7400b47bc-le64.cache-4
7fcea4c5d000-7fcea4c71000 r--s 00000000 08:01 5770002                    /var/cache/fontconfig/04aabc0a78ac019cf9454389977116d2-le64.cache-4
7fcea4cfe000-7fcea4d01000 ---p 00000000 00:00 0 
7fcea4d01000-7fcea4dff000 rw-p 00000000 00:00 0                          [stack:5258]
7fcea4dff000-7fcea4e67000 r-xp 00000000 08:01 3937175                    /usr/lib/jvm/java-7-oracle/jre/lib/amd64/libt2k.so
7fcea4e67000-7fcea5067000 ---p 00068000 08:01 3937175                    /usr/lib/jvm/java-7-oracle/jre/lib/amd64/libt2k.so
7fcea5067000-7fcea506e000 rw-p 00068000 08:01 3937175                    /usr/lib/jvm/java-7-oracle/jre/lib/amd64/libt2k.so
7fcea506e000-7fcea507e000 rw-p 00000000 00:00 0 
7fcea507e000-7fcea5081000 ---p 00000000 00:00 0 
7fcea5081000-7fcea517f000 rw-p 00000000 00:00 0                          [stack:5261]
7fcea517f000-7fcea5182000 ---p 00000000 00:00 0 
7fcea5182000-7fcea5280000 rw-p 00000000 00:00 0                          [stack:5221]
7fcea5280000-7fcea5283000 ---p 00000000 00:00 0 
7fcea5283000-7fcea5381000 rw-p 00000000 00:00 0                          [stack:5220]
7fcea5381000-7fcea5391000 r-xp 00000000 08:01 3937174                    /usr/lib/jvm/java-7-oracle/jre/lib/amd64/libnio.so
7fcea5391000-7fcea5591000 ---p 00010000 08:01 3937174                    /usr/lib/jvm/java-7-oracle/jre/lib/amd64/libnio.so
7fcea5591000-7fcea5592000 rw-p 00010000 08:01 3937174                    /usr/lib/jvm/java-7-oracle/jre/lib/amd64/libnio.so
7fcea5592000-7fcea55a8000 r-xp 00000000 08:01 3937157                    /usr/lib/jvm/java-7-oracle/jre/lib/amd64/libnet.so
7fcea55a8000-7fcea57a8000 ---p 00016000 08:01 3937157                    /usr/lib/jvm/java-7-oracle/jre/lib/amd64/libnet.so
7fcea57a8000-7fcea57a9000 rw-p 00016000 08:01 3937157                    /usr/lib/jvm/java-7-oracle/jre/lib/amd64/libnet.so
7fcea57a9000-7fcea57be000 r-xp 00000000 08:01 3145768                    /lib/x86_64-linux-gnu/libgcc_s.so.1
7fcea57be000-7fcea59bd000 ---p 00015000 08:01 3145768                    /lib/x86_64-linux-gnu/libgcc_s.so.1
7fcea59bd000-7fcea59be000 r--p 00014000 08:01 3145768                    /lib/x86_64-linux-gnu/libgcc_s.so.1
7fcea59be000-7fcea59bf000 rw-p 00015000 08:01 3145768                    /lib/x86_64-linux-gnu/libgcc_s.so.1
7fcea59bf000-7fcea5a24000 r-xp 00000000 08:01 3937162                    /usr/lib/jvm/java-7-oracle/jre/lib/amd64/libfontmanager.so
7fcea5a24000-7fcea5c23000 ---p 00065000 08:01 3937162                    /usr/lib/jvm/java-7-oracle/jre/lib/amd64/libfontmanager.so
7fcea5c23000-7fcea5c27000 rw-p 00064000 08:01 3937162                    /usr/lib/jvm/java-7-oracle/jre/lib/amd64/libfontmanager.so
7fcea5c27000-7fcea5c38000 rw-p 00000000 00:00 0 
7fcea5c38000-7fcea5c3b000 ---p 00000000 00:00 0 
7fcea5c3b000-7fcea5d39000 rw-p 00000000 00:00 0                          [stack:5219]
7fcea5d39000-7fcea5d3e000 r-xp 00000000 08:01 3408717                    /usr/lib/x86_64-linux-gnu/libXfixes.so.3.1.0
7fcea5d3e000-7fcea5f3d000 ---p 00005000 08:01 3408717                    /usr/lib/x86_64-linux-gnu/libXfixes.so.3.1.0
7fcea5f3d000-7fcea5f3e000 r--p 00004000 08:01 3408717                    /usr/lib/x86_64-linux-gnu/libXfixes.so.3.1.0
7fcea5f3e000-7fcea5f3f000 rw-p 00005000 08:01 3408717                    /usr/lib/x86_64-linux-gnu/libXfixes.so.3.1.0
7fcea5f3f000-7fcea5f48000 r-xp 00000000 08:01 3409923                    /usr/lib/x86_64-linux-gnu/libXcursor.so.1.0.2
7fcea5f48000-7fcea6147000 ---p 00009000 08:01 3409923                    /usr/lib/x86_64-linux-gnu/libXcursor.so.1.0.2
7fcea6147000-7fcea6148000 r--p 00008000 08:01 3409923                    /usr/lib/x86_64-linux-gnu/libXcursor.so.1.0.2
7fcea6148000-7fcea6149000 rw-p 00009000 08:01 3409923                    /usr/lib/x86_64-linux-gnu/libXcursor.so.1.0.2
7fcea6149000-7fcea614e000 r-xp 00000000 08:01 3412436                    /usr/lib/x86_64-linux-gnu/libXdmcp.so.6.0.0
7fcea614e000-7fcea634d000 ---p 00005000 08:01 3412436                    /usr/lib/x86_64-linux-gnu/libXdmcp.so.6.0.0
7fcea634d000-7fcea634e000 r--p 00004000 08:01 3412436                    /usr/lib/x86_64-linux-gnu/libXdmcp.so.6.0.0
7fcea634e000-7fcea634f000 rw-p 00005000 08:01 3412436                    /usr/lib/x86_64-linux-gnu/libXdmcp.so.6.0.0
7fcea634f000-7fcea6351000 r-xp 00000000 08:01 3411024                    /usr/lib/x86_64-linux-gnu/libXau.so.6.0.0
7fcea6351000-7fcea6551000 ---p 00002000 08:01 3411024                    /usr/lib/x86_64-linux-gnu/libXau.so.6.0.0
7fcea6551000-7fcea6552000 r--p 00002000 08:01 3411024                    /usr/lib/x86_64-linux-gnu/libXau.so.6.0.0
7fcea6552000-7fcea6553000 rw-p 00003000 08:01 3411024                    /usr/lib/x86_64-linux-gnu/libXau.so.6.0.0
7fcea6553000-7fcea6570000 r-xp 00000000 08:01 3411678                    /usr/lib/x86_64-linux-gnu/libxcb.so.1.1.0
7fcea6570000-7fcea676f000 ---p 0001d000 08:01 3411678                    /usr/lib/x86_64-linux-gnu/libxcb.so.1.1.0
7fcea676f000-7fcea6770000 r--p 0001c000 08:01 3411678                    /usr/lib/x86_64-linux-gnu/libxcb.so.1.1.0
7fcea6770000-7fcea6771000 rw-p 0001d000 08:01 3411678                    /usr/lib/x86_64-linux-gnu/libxcb.so.1.1.0
7fcea6771000-7fcea6780000 r-xp 00000000 08:01 3408715                    /usr/lib/x86_64-linux-gnu/libXi.so.6.1.0
7fcea6780000-7fcea697f000 ---p 0000f000 08:01 3408715                    /usr/lib/x86_64-linux-gnu/libXi.so.6.1.0
7fcea697f000-7fcea6980000 r--p 0000e000 08:01 3408715                    /usr/lib/x86_64-linux-gnu/libXi.so.6.1.0
7fcea6980000-7fcea6981000 rw-p 0000f000 08:01 3408715                    /usr/lib/x86_64-linux-gnu/libXi.so.6.1.0
7fcea6981000-7fcea6986000 r-xp 00000000 08:01 3409325                    /usr/lib/x86_64-linux-gnu/libXtst.so.6.1.0
7fcea6986000-7fcea6b85000 ---p 00005000 08:01 3409325                    /usr/lib/x86_64-linux-gnu/libXtst.so.6.1.0
7fcea6b85000-7fcea6b86000 r--p 00004000 08:01 3409325                    /usr/lib/x86_64-linux-gnu/libXtst.so.6.1.0
7fcea6b86000-7fcea6b87000 rw-p 00005000 08:01 3409325                    /usr/lib/x86_64-linux-gnu/libXtst.so.6.1.0
7fcea6b87000-7fcea6b90000 r-xp 00000000 08:01 3409919                    /usr/lib/x86_64-linux-gnu/libXrender.so.1.3.0
7fcea6b90000-7fcea6d8f000 ---p 00009000 08:01 3409919                    /usr/lib/x86_64-linux-gnu/libXrender.so.1.3.0
7fcea6d8f000-7fcea6d90000 r--p 00008000 08:01 3409919                    /usr/lib/x86_64-linux-gnu/libXrender.so.1.3.0
7fcea6d90000-7fcea6d91000 rw-p 00009000 08:01 3409919                    /usr/lib/x86_64-linux-gnu/libXrender.so.1.3.0
7fcea6d91000-7fcea6ec1000 r-xp 00000000 08:01 3411838                    /usr/lib/x86_64-linux-gnu/libX11.so.6.3.0
7fcea6ec1000-7fcea70c1000 ---p 00130000 08:01 3411838                    /usr/lib/x86_64-linux-gnu/libX11.so.6.3.0
7fcea70c1000-7fcea70c2000 r--p 00130000 08:01 3411838                    /usr/lib/x86_64-linux-gnu/libX11.so.6.3.0
7fcea70c2000-7fcea70c6000 rw-p 00131000 08:01 3411838                    /usr/lib/x86_64-linux-gnu/libX11.so.6.3.0
7fcea70c6000-7fcea70d7000 r-xp 00000000 08:01 3407900                    /usr/lib/x86_64-linux-gnu/libXext.so.6.4.0
7fcea70d7000-7fcea72d6000 ---p 00011000 08:01 3407900                    /usr/lib/x86_64-linux-gnu/libXext.so.6.4.0
7fcea72d6000-7fcea72d7000 r--p 00010000 08:01 3407900                    /usr/lib/x86_64-linux-gnu/libXext.so.6.4.0
7fcea72d7000-7fcea72d8000 rw-p 00011000 08:01 3407900                    /usr/lib/x86_64-linux-gnu/libXext.so.6.4.0
7fcea72d8000-7fcea7328000 r-xp 00000000 08:01 4071012                    /usr/lib/jvm/java-7-oracle/jre/lib/amd64/xawt/libmawt.so
7fcea7328000-7fcea7528000 ---p 00050000 08:01 4071012                    /usr/lib/jvm/java-7-oracle/jre/lib/amd64/xawt/libmawt.so
7fcea7528000-7fcea752c000 rw-p 00050000 08:01 4071012                    /usr/lib/jvm/java-7-oracle/jre/lib/amd64/xawt/libmawt.so
7fcea752c000-7fcea752d000 rw-p 00000000 00:00 0 
7fcea752d000-7fcea75cf000 r-xp 00000000 08:01 3937152                    /usr/lib/jvm/java-7-oracle/jre/lib/amd64/libawt.so
7fcea75cf000-7fcea77cf000 ---p 000a2000 08:01 3937152                    /usr/lib/jvm/java-7-oracle/jre/lib/amd64/libawt.so
7fcea77cf000-7fcea77db000 rw-p 000a2000 08:01 3937152                    /usr/lib/jvm/java-7-oracle/jre/lib/amd64/libawt.so
7fcea77db000-7fcea77ff000 rw-p 00000000 00:00 0 
7fcea77ff000-7fcea7800000 ---p 00000000 00:00 0 
7fcea7800000-7fcea8000000 rw-p 00000000 00:00 0 
7fcea8000000-7fcea87fb000 rw-p 00000000 00:00 0 
7fcea87fb000-7fceac000000 ---p 00000000 00:00 0 
7fceac000000-7fceac021000 rw-p 00000000 00:00 0 
7fceac021000-7fceb0000000 ---p 00000000 00:00 0 
7fceb0000000-7fceb0021000 rw-p 00000000 00:00 0 
7fceb0021000-7fceb4000000 ---p 00000000 00:00 0 
7fceb4000000-7fceb454a000 rw-p 00000000 00:00 0 
7fceb454a000-7fceb8000000 ---p 00000000 00:00 0 
7fceb8000000-7fceb8021000 rw-p 00000000 00:00 0 
7fceb8021000-7fcebc000000 ---p 00000000 00:00 0 
7fcebc000000-7fcebc021000 rw-p 00000000 00:00 0 
7fcebc021000-7fcec0000000 ---p 00000000 00:00 0 
7fcec0000000-7fcec0021000 rw-p 00000000 00:00 0 
7fcec0021000-7fcec4000000 ---p 00000000 00:00 0 
7fcec4000000-7fcec4021000 rw-p 00000000 00:00 0 
7fcec4021000-7fcec8000000 ---p 00000000 00:00 0 
7fcec8000000-7fcec8021000 rw-p 00000000 00:00 0 
7fcec8021000-7fcecc000000 ---p 00000000 00:00 0 
7fcecc000000-7fcecc021000 rw-p 00000000 00:00 0 
7fcecc021000-7fced0000000 ---p 00000000 00:00 0 
7fced0000000-7fced0021000 rw-p 00000000 00:00 0 
7fced0021000-7fced4000000 ---p 00000000 00:00 0 
7fced4000000-7fced4001000 r--s 00000000 08:01 5770106                    /var/cache/fontconfig/0d8c3b2ac0904cb8a57a757ad11a4a08-le64.cache-4
7fced4001000-7fced400d000 r--s 00000000 08:01 5770008                    /var/cache/fontconfig/6d41288fd70b0be22e8c3a91e032eec0-le64.cache-4
7fced400d000-7fced4011000 r--s 00000000 08:01 5785279                    /var/cache/fontconfig/de156ccd2eddbdc19d37a45b8b2aac9c-le64.cache-4
7fced4011000-7fced4012000 r--s 00000000 08:01 5769994                    /var/cache/fontconfig/1ac9eb803944fde146138c791f5cc56a-le64.cache-4
7fced4012000-7fced4016000 r--s 00000000 08:01 5769651                    /var/cache/fontconfig/385c0604a188198f04d133e54aba7fe7-le64.cache-4
7fced4016000-7fced4017000 r--s 00000000 08:01 5769975                    /var/cache/fontconfig/dc05db6664285cc2f12bf69c139ae4c3-le64.cache-4
7fced4017000-7fced4019000 r--s 00000000 08:01 5769912                    /var/cache/fontconfig/767a8244fc0220cfb567a839d0392e0b-le64.cache-4
7fced4019000-7fced401a000 r--s 00000000 08:01 5786157                    /var/cache/fontconfig/4794a0821666d79190d59a36cb4f44b5-le64.cache-4
7fced401a000-7fced401d000 r--s 00000000 08:01 5769511                    /var/cache/fontconfig/8801497958630a81b71ace7c5f9b32a8-le64.cache-4
7fced401d000-7fced4058000 r--s 00000000 08:01 5769949                    /var/cache/fontconfig/365b55f210c0a22e9a19e35191240f32-le64.cache-4
7fced4058000-7fced405f000 r--s 00000000 08:01 5769939                    /var/cache/fontconfig/3047814df9a2f067bd2d96a2b9c36e5a-le64.cache-4
7fced405f000-7fced4060000 r--s 00000000 08:01 5780862                    /var/cache/fontconfig/56cf4f4769d0f4abc89a4895d7bd3ae1-le64.cache-4
7fced4060000-7fced4061000 r--s 00000000 08:01 5769882                    /var/cache/fontconfig/b9d506c9ac06c20b433354fa67a72993-le64.cache-4
7fced4061000-7fced4067000 r--s 00000000 08:01 5769532                    /var/cache/fontconfig/b47c4e1ecd0709278f4910c18777a504-le64.cache-4
7fced4067000-7fced4070000 r--s 00000000 08:01 5769325                    /var/cache/fontconfig/52f7bdb7ce746bfd7eaa1985bd9cfa93-le64.cache-4
7fced4070000-7fced4083000 r--s 00000000 08:01 5769477                    /var/cache/fontconfig/d52a8644073d54c13679302ca1180695-le64.cache-4
7fced4083000-7fced408b000 r--s 00000000 08:01 5768860                    /var/cache/fontconfig/3f7329c5293ffd510edef78f73874cfd-le64.cache-4
7fced408b000-7fced4097000 r--s 00000000 08:01 5780870                    /var/cache/fontconfig/d589a48862398ed80a3d6066f4f56f4c-le64.cache-4
7fced4097000-7fced40a4000 r--s 00000000 08:01 5768907                    /var/cache/fontconfig/089dead882dea3570ffc31a9898cfb69-le64.cache-4
7fced40a4000-7fced40a5000 r--s 00000000 08:01 5769568                    /var/cache/fontconfig/0c9eb80ebd1c36541ebe2852d3bb0c49-le64.cache-4
7fced40a5000-7fced40b2000 r--s 00000000 08:01 5768065                    /var/cache/fontconfig/e13b20fdb08344e0e664864cc2ede53d-le64.cache-4
7fced40b2000-7fced40b6000 r--s 00000000 08:01 5785277                    /var/cache/fontconfig/7ef2298fde41cc6eeb7af42e48b7d293-le64.cache-4
7fced40b6000-7fced40e7000 rw-p 00000000 00:00 0 
7fced40e7000-7fced40ea000 ---p 00000000 00:00 0 
7fced40ea000-7fced41e8000 rw-p 00000000 00:00 0                          [stack:5218]
7fced41e8000-7fced41ef000 r--s 00000000 08:01 3541757                    /usr/lib/x86_64-linux-gnu/gconv/gconv-modules.cache
7fced41ef000-7fced4215000 r--p 00000000 08:01 3675740                    /usr/share/locale-langpack/de/LC_MESSAGES/libc.mo
7fced4215000-7fced4216000 ---p 00000000 00:00 0 
7fced4216000-7fced4a16000 rw-p 00000000 00:00 0 
7fced4a16000-7fced4a7c000 r-xp 00000000 08:01 786452                     /tmp/libsqlitejdbc-8863698558546962243.lib (deleted)
7fced4a7c000-7fced4b7b000 ---p 00066000 08:01 786452                     /tmp/libsqlitejdbc-8863698558546962243.lib (deleted)
7fced4b7b000-7fced4b7e000 rw-p 00065000 08:01 786452                     /tmp/libsqlitejdbc-8863698558546962243.lib (deleted)
7fced4b7e000-7fced4b82000 r--s 0008a000 08:01 3283652                    /usr/lib/jvm/java-7-oracle/jre/lib/jsse.jar
7fced4b82000-7fced4b8c000 r--s 00250000 08:01 3283996                    /usr/lib/jvm/java-7-oracle/jre/lib/resources.jar
7fced4b8c000-7fced4baa000 r--s 00130000 08:01 4853671                    /home/stefan/netbeans-7.4/java/modules/ext/eclipselink/org.eclipse.persistence.jpa.jpql_2.5.1.v20130918-f2b9fc5.jar
7fced4baa000-7fced4bb0000 r--s 00022000 08:01 4853669                    /home/stefan/netbeans-7.4/java/modules/ext/eclipselink/javax.persistence_2.1.0.v201304241213.jar
7fced4bb0000-7fced4c2b000 r--s 00780000 08:01 4853670                    /home/stefan/netbeans-7.4/java/modules/ext/eclipselink/eclipselink.jar
7fced4c2b000-7fced4c33000 r--s 0007e000 08:01 5509819                    /home/stefan/NetBeansProjects/jPrinterAdmin/javax.mail.jar
7fced4c33000-7fced4c66000 r--s 002b5000 08:01 5509816                    /home/stefan/NetBeansProjects/jPrinterAdmin/jOpenDocument-1.3.jar
7fced4c66000-7fced4c67000 ---p 00000000 00:00 0 
7fced4c67000-7fced4d67000 rw-p 00000000 00:00 0                          [stack:5215]
7fced4d67000-7fced4d6a000 ---p 00000000 00:00 0 
7fced4d6a000-7fced4e68000 rw-p 00000000 00:00 0                          [stack:5214]
7fced4e68000-7fced4e6b000 ---p 00000000 00:00 0 
7fced4e6b000-7fced4f69000 rw-p 00000000 00:00 0                          [stack:5213]
7fced4f69000-7fced4f6c000 ---p 00000000 00:00 0 
7fced4f6c000-7fced506a000 rw-p 00000000 00:00 0                          [stack:5212]
7fced506a000-7fced506d000 ---p 00000000 00:00 0 
7fced506d000-7fced516b000 rw-p 00000000 00:00 0                          [stack:5211]
7fced516b000-7fced5751000 r--p 00000000 08:01 3277119                    /usr/lib/locale/locale-archive
7fced5751000-7fced5754000 ---p 00000000 00:00 0 
7fced5754000-7fced5852000 rw-p 00000000 00:00 0                          [stack:5210]
7fced5852000-7fced5855000 ---p 00000000 00:00 0 
7fced5855000-7fced5953000 rw-p 00000000 00:00 0                          [stack:5209]
7fced5953000-7fced5954000 ---p 00000000 00:00 0 
7fced5954000-7fced6a53000 rw-p 00000000 00:00 0                          [stack:5208]
7fced6a53000-7fced6c10000 r--s 039bf000 08:01 3283994                    /usr/lib/jvm/java-7-oracle/jre/lib/rt.jar
7fced6c10000-7fced8dfe000 rw-p 00000000 00:00 0 
7fced8dfe000-7fced8dff000 ---p 00000000 00:00 0 
7fced8dff000-7fced8eff000 rw-p 00000000 00:00 0                          [stack:5206]
7fced8eff000-7fced8f00000 ---p 00000000 00:00 0 
7fced8f00000-7fced9000000 rw-p 00000000 00:00 0                          [stack:5204]
7fced9000000-7fced9270000 rwxp 00000000 00:00 0 
7fced9270000-7fcedc646000 rw-p 00000000 00:00 0 
7fcedc646000-7fcee0000000 ---p 00000000 00:00 0 
7fcee0000000-7fcee0003000 r--s 00043000 08:01 5509818                    /home/stefan/NetBeansProjects/jPrinterAdmin/jtds-1.2.jar
7fcee0003000-7fcee000a000 r--s 000a7000 08:01 5509499                    /home/stefan/NetBeansProjects/jPrinterAdmin/mysql-connector-java-5.1.7-bin.jar
7fcee000a000-7fcee0010000 r--s 00042000 08:01 5509813                    /home/stefan/NetBeansProjects/jPrinterAdmin/jsoup-1.7.2.jar
7fcee0010000-7fcee0014000 r--s 0028c000 08:01 5513688                    /home/stefan/NetBeansProjects/jPrinterAdmin/sqlitejdbc-v056.jar
7fcee0014000-7fcee0016000 r--s 00017000 08:01 5513679                    /home/stefan/NetBeansProjects/jPrinterAdmin/ini4j-0.5.2.jar
7fcee0016000-7fcee001d000 r--s 0022d000 08:01 5509497                    /home/stefan/NetBeansProjects/jPrinterAdmin/snmp4j-2.1.0-distribution.jar
7fcee001d000-7fcee00a0000 rw-p 00000000 00:00 0 
7fcee00a0000-7fcee00a1000 ---p 00000000 00:00 0 
7fcee00a1000-7fcee01a1000 rw-p 00000000 00:00 0                          [stack:5202]
7fcee01a1000-7fcee01a2000 ---p 00000000 00:00 0 
7fcee01a2000-7fcee02ad000 rw-p 00000000 00:00 0                          [stack:5201]
7fcee02ad000-7fcee02cb000 rw-p 00000000 00:00 0 
7fcee02cb000-7fcee02df000 rw-p 00000000 00:00 0 
7fcee02df000-7fcee0400000 rw-p 00000000 00:00 0 
7fcee0400000-7fcee040b000 rw-p 00000000 00:00 0 
7fcee040b000-7fcee0429000 rw-p 00000000 00:00 0 
7fcee0429000-7fcee043d000 rw-p 00000000 00:00 0 
7fcee043d000-7fcee055d000 rw-p 00000000 00:00 0 
7fcee055d000-7fcee0597000 rw-p 00000000 00:00 0 
7fcee0597000-7fcee059a000 ---p 00000000 00:00 0 
7fcee059a000-7fcee05f8000 rw-p 00000000 00:00 0 
7fcee05f8000-7fcee05f9000 rw-p 00000000 00:00 0 
7fcee05f9000-7fcee0613000 r-xp 00000000 08:01 3937180                    /usr/lib/jvm/java-7-oracle/jre/lib/amd64/libzip.so
7fcee0613000-7fcee0813000 ---p 0001a000 08:01 3937180                    /usr/lib/jvm/java-7-oracle/jre/lib/amd64/libzip.so
7fcee0813000-7fcee0814000 rw-p 0001a000 08:01 3937180                    /usr/lib/jvm/java-7-oracle/jre/lib/amd64/libzip.so
7fcee0814000-7fcee0820000 r-xp 00000000 08:01 3146369                    /lib/x86_64-linux-gnu/libnss_files-2.17.so
7fcee0820000-7fcee0a1f000 ---p 0000c000 08:01 3146369                    /lib/x86_64-linux-gnu/libnss_files-2.17.so
7fcee0a1f000-7fcee0a20000 r--p 0000b000 08:01 3146369                    /lib/x86_64-linux-gnu/libnss_files-2.17.so
7fcee0a20000-7fcee0a21000 rw-p 0000c000 08:01 3146369                    /lib/x86_64-linux-gnu/libnss_files-2.17.so
7fcee0a21000-7fcee0a2c000 r-xp 00000000 08:01 3146367                    /lib/x86_64-linux-gnu/libnss_nis-2.17.so
7fcee0a2c000-7fcee0c2b000 ---p 0000b000 08:01 3146367                    /lib/x86_64-linux-gnu/libnss_nis-2.17.so
7fcee0c2b000-7fcee0c2c000 r--p 0000a000 08:01 3146367                    /lib/x86_64-linux-gnu/libnss_nis-2.17.so
7fcee0c2c000-7fcee0c2d000 rw-p 0000b000 08:01 3146367                    /lib/x86_64-linux-gnu/libnss_nis-2.17.so
7fcee0c2d000-7fcee0c44000 r-xp 00000000 08:01 3145858                    /lib/x86_64-linux-gnu/libnsl-2.17.so
7fcee0c44000-7fcee0e43000 ---p 00017000 08:01 3145858                    /lib/x86_64-linux-gnu/libnsl-2.17.so
7fcee0e43000-7fcee0e44000 r--p 00016000 08:01 3145858                    /lib/x86_64-linux-gnu/libnsl-2.17.so
7fcee0e44000-7fcee0e45000 rw-p 00017000 08:01 3145858                    /lib/x86_64-linux-gnu/libnsl-2.17.so
7fcee0e45000-7fcee0e47000 rw-p 00000000 00:00 0 
7fcee0e47000-7fcee0e4f000 r-xp 00000000 08:01 3146246                    /lib/x86_64-linux-gnu/libnss_compat-2.17.so
7fcee0e4f000-7fcee104e000 ---p 00008000 08:01 3146246                    /lib/x86_64-linux-gnu/libnss_compat-2.17.so
7fcee104e000-7fcee104f000 r--p 00007000 08:01 3146246                    /lib/x86_64-linux-gnu/libnss_compat-2.17.so
7fcee104f000-7fcee1050000 rw-p 00008000 08:01 3146246                    /lib/x86_64-linux-gnu/libnss_compat-2.17.so
7fcee1050000-7fcee1079000 r-xp 00000000 08:01 3937178                    /usr/lib/jvm/java-7-oracle/jre/lib/amd64/libjava.so
7fcee1079000-7fcee1279000 ---p 00029000 08:01 3937178                    /usr/lib/jvm/java-7-oracle/jre/lib/amd64/libjava.so
7fcee1279000-7fcee127b000 rw-p 00029000 08:01 3937178                    /usr/lib/jvm/java-7-oracle/jre/lib/amd64/libjava.so
7fcee127b000-7fcee1288000 r-xp 00000000 08:01 3937186                    /usr/lib/jvm/java-7-oracle/jre/lib/amd64/libverify.so
7fcee1288000-7fcee1487000 ---p 0000d000 08:01 3937186                    /usr/lib/jvm/java-7-oracle/jre/lib/amd64/libverify.so
7fcee1487000-7fcee1489000 rw-p 0000c000 08:01 3937186                    /usr/lib/jvm/java-7-oracle/jre/lib/amd64/libverify.so
7fcee1489000-7fcee1490000 r-xp 00000000 08:01 3146370                    /lib/x86_64-linux-gnu/librt-2.17.so
7fcee1490000-7fcee168f000 ---p 00007000 08:01 3146370                    /lib/x86_64-linux-gnu/librt-2.17.so
7fcee168f000-7fcee1690000 r--p 00006000 08:01 3146370                    /lib/x86_64-linux-gnu/librt-2.17.so
7fcee1690000-7fcee1691000 rw-p 00007000 08:01 3146370                    /lib/x86_64-linux-gnu/librt-2.17.so
7fcee1691000-7fcee1794000 r-xp 00000000 08:01 3146250                    /lib/x86_64-linux-gnu/libm-2.17.so
7fcee1794000-7fcee1993000 ---p 00103000 08:01 3146250                    /lib/x86_64-linux-gnu/libm-2.17.so
7fcee1993000-7fcee1994000 r--p 00102000 08:01 3146250                    /lib/x86_64-linux-gnu/libm-2.17.so
7fcee1994000-7fcee1995000 rw-p 00103000 08:01 3146250                    /lib/x86_64-linux-gnu/libm-2.17.so
7fcee1995000-7fcee24f7000 r-xp 00000000 08:01 4071018                    /usr/lib/jvm/java-7-oracle/jre/lib/amd64/server/libjvm.so
7fcee24f7000-7fcee26f7000 ---p 00b62000 08:01 4071018                    /usr/lib/jvm/java-7-oracle/jre/lib/amd64/server/libjvm.so
7fcee26f7000-7fcee27ba000 rw-p 00b62000 08:01 4071018                    /usr/lib/jvm/java-7-oracle/jre/lib/amd64/server/libjvm.so
7fcee27ba000-7fcee27fb000 rw-p 00000000 00:00 0 
7fcee27fb000-7fcee29b8000 r-xp 00000000 08:01 3146375                    /lib/x86_64-linux-gnu/libc-2.17.so
7fcee29b8000-7fcee2bb8000 ---p 001bd000 08:01 3146375                    /lib/x86_64-linux-gnu/libc-2.17.so
7fcee2bb8000-7fcee2bbc000 r--p 001bd000 08:01 3146375                    /lib/x86_64-linux-gnu/libc-2.17.so
7fcee2bbc000-7fcee2bbe000 rw-p 001c1000 08:01 3146375                    /lib/x86_64-linux-gnu/libc-2.17.so
7fcee2bbe000-7fcee2bc3000 rw-p 00000000 00:00 0 
7fcee2bc3000-7fcee2bc6000 r-xp 00000000 08:01 3146376                    /lib/x86_64-linux-gnu/libdl-2.17.so
7fcee2bc6000-7fcee2dc5000 ---p 00003000 08:01 3146376                    /lib/x86_64-linux-gnu/libdl-2.17.so
7fcee2dc5000-7fcee2dc6000 r--p 00002000 08:01 3146376                    /lib/x86_64-linux-gnu/libdl-2.17.so
7fcee2dc6000-7fcee2dc7000 rw-p 00003000 08:01 3146376                    /lib/x86_64-linux-gnu/libdl-2.17.so
7fcee2dc7000-7fcee2ddd000 r-xp 00000000 08:01 4723524                    /usr/lib/jvm/java-7-oracle/lib/amd64/jli/libjli.so
7fcee2ddd000-7fcee2fdd000 ---p 00016000 08:01 4723524                    /usr/lib/jvm/java-7-oracle/lib/amd64/jli/libjli.so
7fcee2fdd000-7fcee2fde000 rw-p 00016000 08:01 4723524                    /usr/lib/jvm/java-7-oracle/lib/amd64/jli/libjli.so
7fcee2fde000-7fcee2ff5000 r-xp 00000000 08:01 3146377                    /lib/x86_64-linux-gnu/libpthread-2.17.so
7fcee2ff5000-7fcee31f5000 ---p 00017000 08:01 3146377                    /lib/x86_64-linux-gnu/libpthread-2.17.so
7fcee31f5000-7fcee31f6000 r--p 00017000 08:01 3146377                    /lib/x86_64-linux-gnu/libpthread-2.17.so
7fcee31f6000-7fcee31f7000 rw-p 00018000 08:01 3146377                    /lib/x86_64-linux-gnu/libpthread-2.17.so
7fcee31f7000-7fcee31fb000 rw-p 00000000 00:00 0 
7fcee31fb000-7fcee321e000 r-xp 00000000 08:01 3146364                    /lib/x86_64-linux-gnu/ld-2.17.so
7fcee321e000-7fcee3224000 r--s 00066000 08:01 5513676                    /home/stefan/NetBeansProjects/jPrinterAdmin/snmp4j-2.1.0.jar
7fcee3224000-7fcee322b000 r--s 00037000 08:01 5513697                    /home/stefan/NetBeansProjects/jPrinterAdmin/junit-4.10.jar
7fcee322b000-7fcee3232000 r--s 00094000 08:01 4853747                    /home/stefan/netbeans-7.4/java/modules/ext/beansbinding-1.2.1.jar
7fcee3232000-7fcee323c000 rw-p 00000000 00:00 0 
7fcee323c000-7fcee32f2000 rw-p 00000000 00:00 0 
7fcee32f2000-7fcee32f5000 ---p 00000000 00:00 0 
7fcee32f5000-7fcee33f7000 rw-p 00000000 00:00 0                          [stack:5200]
7fcee33f7000-7fcee33fd000 r--s 000b3000 08:01 5513690                    /home/stefan/NetBeansProjects/jPrinterAdmin/snmp4j-doc-1.8RC1.jar
7fcee33fd000-7fcee3411000 rw-p 00000000 00:00 0 
7fcee3411000-7fcee3419000 rw-s 00000000 08:01 917888                     /tmp/hsperfdata_stefan/5199
7fcee3419000-7fcee341a000 rw-p 00000000 00:00 0 
7fcee341a000-7fcee341b000 r--p 00000000 00:00 0 
7fcee341b000-7fcee341d000 rw-p 00000000 00:00 0 
7fcee341d000-7fcee341e000 r--p 00022000 08:01 3146364                    /lib/x86_64-linux-gnu/ld-2.17.so
7fcee341e000-7fcee3420000 rw-p 00023000 08:01 3146364                    /lib/x86_64-linux-gnu/ld-2.17.so
7fff981db000-7fff981fc000 rw-p 00000000 00:00 0                          [stack]
7fff981fe000-7fff98200000 r-xp 00000000 00:00 0                          [vdso]
ffffffffff600000-ffffffffff601000 r-xp 00000000 00:00 0                  [vsyscall]

VM Arguments:
jvm_args: -Dfile.encoding=UTF-8 
java_command: jprinteradmin.JPrinterAdmin
Launcher Type: SUN_STANDARD

Environment Variables:
JAVA_HOME=/usr/lib/jvm/java-8-oracle
PATH=/usr/lib/lightdm/lightdm:/usr/local/sbin:/usr/local/bin:/usr/sbin:/usr/bin:/sbin:/bin:/usr/games:/usr/local/games:/usr/lib/jvm/java-8-oracle/bin:/usr/lib/jvm/java-8-oracle/db/bin:/usr/lib/jvm/java-8-oracle/jre/bin
LD_LIBRARY_PATH=/usr/lib/jvm/java-7-oracle/jre/lib/amd64:/usr/lib/jvm/java-7-oracle/jre/lib/i386:
SHELL=/bin/bash
DISPLAY=:0

Signal Handlers:
SIGSEGV: [libjvm.so+0x993870], sa_mask[0]=0x7ffbfeff, sa_flags=0x10000004
SIGBUS: [libjvm.so+0x993870], sa_mask[0]=0x7ffbfeff, sa_flags=0x10000004
SIGFPE: [libjvm.so+0x8105b0], sa_mask[0]=0x7ffbfeff, sa_flags=0x10000004
SIGPIPE: [libjvm.so+0x8105b0], sa_mask[0]=0x7ffbfeff, sa_flags=0x10000004
SIGXFSZ: [libjvm.so+0x8105b0], sa_mask[0]=0x7ffbfeff, sa_flags=0x10000004
SIGILL: [libjvm.so+0x8105b0], sa_mask[0]=0x7ffbfeff, sa_flags=0x10000004
SIGUSR1: SIG_DFL, sa_mask[0]=0x00000000, sa_flags=0x00000000
SIGUSR2: [libjvm.so+0x811aa0], sa_mask[0]=0x00000004, sa_flags=0x10000004
SIGHUP: [libjvm.so+0x812a10], sa_mask[0]=0x7ffbfeff, sa_flags=0x10000004
SIGINT: SIG_IGN, sa_mask[0]=0x00000000, sa_flags=0x00000000
SIGTERM: [libjvm.so+0x812a10], sa_mask[0]=0x7ffbfeff, sa_flags=0x10000004
SIGQUIT: [libjvm.so+0x812a10], sa_mask[0]=0x7ffbfeff, sa_flags=0x10000004


---------------  S Y S T E M  ---------------

OS:wheezy/sid

uname:Linux 3.11.0-12-generic #19-Ubuntu SMP Wed Oct 9 16:20:46 UTC 2013 x86_64
libc:glibc 2.17 NPTL 2.17 
rlimit: STACK 8192k, CORE 0k, NPROC 28938, NOFILE 4096, AS infinity
load average:3,81 2,02 1,21

/proc/meminfo:
MemTotal:        3790236 kB
MemFree:          303856 kB
Buffers:          133752 kB
Cached:          1123196 kB
SwapCached:            0 kB
Active:          2446968 kB
Inactive:         806832 kB
Active(anon):    1997788 kB
Inactive(anon):    14960 kB
Active(file):     449180 kB
Inactive(file):   791872 kB
Unevictable:          48 kB
Mlocked:              48 kB
SwapTotal:       1832956 kB
SwapFree:        1832956 kB
Dirty:               228 kB
Writeback:             0 kB
AnonPages:       1996908 kB
Mapped:           243484 kB
Shmem:             15944 kB
Slab:             123820 kB
SReclaimable:      91908 kB
SUnreclaim:        31912 kB
KernelStack:        5056 kB
PageTables:        36592 kB
NFS_Unstable:          0 kB
Bounce:                0 kB
WritebackTmp:          0 kB
CommitLimit:     3728072 kB
Committed_AS:    6003632 kB
VmallocTotal:   34359738367 kB
VmallocUsed:      306608 kB
VmallocChunk:   34359417852 kB
HardwareCorrupted:     0 kB
AnonHugePages:         0 kB
HugePages_Total:       0
HugePages_Free:        0
HugePages_Rsvd:        0
HugePages_Surp:        0
Hugepagesize:       2048 kB
DirectMap4k:      124480 kB
DirectMap2M:     3807232 kB
DirectMap1G:           0 kB


CPU:total 4 (4 cores per cpu, 1 threads per core) family 16 model 4 stepping 3, cmov, cx8, fxsr, mmx, sse, sse2, sse3, popcnt, mmxext, 3dnowpref, lzcnt, sse4a, tsc, tscinvbit, tscinv

/proc/cpuinfo:
processor	: 0
vendor_id	: AuthenticAMD
cpu family	: 16
model		: 4
model name	: AMD Phenom(tm) II X4 945 Processor
stepping	: 3
microcode	: 0x10000c8
cpu MHz		: 800.000
cache size	: 512 KB
physical id	: 0
siblings	: 4
core id		: 0
cpu cores	: 4
apicid		: 0
initial apicid	: 0
fpu		: yes
fpu_exception	: yes
cpuid level	: 5
wp		: yes
flags		: fpu vme de pse tsc msr pae mce cx8 apic sep mtrr pge mca cmov pat pse36 clflush mmx fxsr sse sse2 ht syscall nx mmxext fxsr_opt pdpe1gb rdtscp lm 3dnowext 3dnow constant_tsc rep_good nopl nonstop_tsc extd_apicid pni monitor cx16 popcnt lahf_lm cmp_legacy svm extapic cr8_legacy abm sse4a misalignsse 3dnowprefetch osvw ibs skinit wdt hw_pstate npt lbrv svm_lock nrip_save
bogomips	: 6000.38
TLB size	: 1024 4K pages
clflush size	: 64
cache_alignment	: 64
address sizes	: 48 bits physical, 48 bits virtual
power management: ts ttp tm stc 100mhzsteps hwpstate

processor	: 1
vendor_id	: AuthenticAMD
cpu family	: 16
model		: 4
model name	: AMD Phenom(tm) II X4 945 Processor
stepping	: 3
microcode	: 0x10000c8
cpu MHz		: 3000.000
cache size	: 512 KB
physical id	: 0
siblings	: 4
core id		: 1
cpu cores	: 4
apicid		: 1
initial apicid	: 1
fpu		: yes
fpu_exception	: yes
cpuid level	: 5
wp		: yes
flags		: fpu vme de pse tsc msr pae mce cx8 apic sep mtrr pge mca cmov pat pse36 clflush mmx fxsr sse sse2 ht syscall nx mmxext fxsr_opt pdpe1gb rdtscp lm 3dnowext 3dnow constant_tsc rep_good nopl nonstop_tsc extd_apicid pni monitor cx16 popcnt lahf_lm cmp_legacy svm extapic cr8_legacy abm sse4a misalignsse 3dnowprefetch osvw ibs skinit wdt hw_pstate npt lbrv svm_lock nrip_save
bogomips	: 6000.38
TLB size	: 1024 4K pages
clflush size	: 64
cache_alignment	: 64
address sizes	: 48 bits physical, 48 bits virtual
power management: ts ttp tm stc 100mhzsteps hwpstate

processor	: 2
vendor_id	: AuthenticAMD
cpu family	: 16
model		: 4
model name	: AMD Phenom(tm) II X4 945 Processor
stepping	: 3
microcode	: 0x10000c8
cpu MHz		: 800.000
cache size	: 512 KB
physical id	: 0
siblings	: 4
core id		: 2
cpu cores	: 4
apicid		: 2
initial apicid	: 2
fpu		: yes
fpu_exception	: yes
cpuid level	: 5
wp		: yes
flags		: fpu vme de pse tsc msr pae mce cx8 apic sep mtrr pge mca cmov pat pse36 clflush mmx fxsr sse sse2 ht syscall nx mmxext fxsr_opt pdpe1gb rdtscp lm 3dnowext 3dnow constant_tsc rep_good nopl nonstop_tsc extd_apicid pni monitor cx16 popcnt lahf_lm cmp_legacy svm extapic cr8_legacy abm sse4a misalignsse 3dnowprefetch osvw ibs skinit wdt hw_pstate npt lbrv svm_lock nrip_save
bogomips	: 6000.38
TLB size	: 1024 4K pages
clflush size	: 64
cache_alignment	: 64
address sizes	: 48 bits physical, 48 bits virtual
power management: ts ttp tm stc 100mhzsteps hwpstate

processor	: 3
vendor_id	: AuthenticAMD
cpu family	: 16
model		: 4
model name	: AMD Phenom(tm) II X4 945 Processor
stepping	: 3
microcode	: 0x10000c8
cpu MHz		: 3000.000
cache size	: 512 KB
physical id	: 0
siblings	: 4
core id		: 3
cpu cores	: 4
apicid		: 3
initial apicid	: 3
fpu		: yes
fpu_exception	: yes
cpuid level	: 5
wp		: yes
flags		: fpu vme de pse tsc msr pae mce cx8 apic sep mtrr pge mca cmov pat pse36 clflush mmx fxsr sse sse2 ht syscall nx mmxext fxsr_opt pdpe1gb rdtscp lm 3dnowext 3dnow constant_tsc rep_good nopl nonstop_tsc extd_apicid pni monitor cx16 popcnt lahf_lm cmp_legacy svm extapic cr8_legacy abm sse4a misalignsse 3dnowprefetch osvw ibs skinit wdt hw_pstate npt lbrv svm_lock nrip_save
bogomips	: 6000.38
TLB size	: 1024 4K pages
clflush size	: 64
cache_alignment	: 64
address sizes	: 48 bits physical, 48 bits virtual
power management: ts ttp tm stc 100mhzsteps hwpstate



Memory: 4k page, physical 3790236k(303856k free), swap 1832956k(1832956k free)

vm_info: Java HotSpot(TM) 64-Bit Server VM (24.51-b03) for linux-amd64 JRE (1.7.0_51-b13), built on Dec 18 2013 18:48:01 by "java_re" with gcc 4.3.0 20080428 (Red Hat 4.3.0-8)

time: Sat Jan 18 23:03:27 2014
elapsed time: 27 seconds

